sys depth maxmem
fractal 1 0.3301554024219513
fractal 2 0.3301554024219513
fractal 3 0.3301554024219513
fractal 4 0.3301554024219513
fractal 1 0.3301554024219513
fractal 2 0.3301554024219513
fractal 3 0.3301554024219513
fractal 4 0.3301554024219513
fractal 1 0.3301554024219513
fractal 2 0.3301554024219513
fractal 3 0.3301554024219513
fractal 4 0.3301554024219513
fractal 1 0.3301554024219513
fractal 2 0.3301554024219513
fractal 3 0.3301554024219513
fractal 4 0.3301554024219513
fractal 1 0.3301554024219513
fractal 2 0.3301554024219513
fractal 3 0.3301554024219513
fractal 4 0.3301554024219513
